<?xml version="1.0" encoding="UTF-8"?>
<testsuite xmlns:xsi="http://www.w3.org/2001/XMLSchema-instance" xsi:noNamespaceSchemaLocation="https://maven.apache.org/surefire/maven-surefire-plugin/xsd/surefire-test-report.xsd" name="TestSuite" time="13.332" tests="1" errors="0" skipped="0" failures="1">
  <properties>
[...]
</properties>
  <testcase name="runScenario" classname="com.expedia.utilities.TestRunner" time="11.663">
    <failure message="expected [Title is not matching] but found [true]" type="java.lang.AssertionError">java.lang.AssertionError: expected [Title is not matching] but found [true]
</failure>
    <system-out><![CDATA[
@Expedia
Scenario: Validating expedia home page                            &amp#27;[90m# src/test/java/com/expedia/fetures/expediaHomepage.feature:3&amp#27;[0m
this block is executed for every scenario
  &amp#27;[32mGiven &amp#27;[0m&amp#27;[32muser launches the Expedia URL&amp#27;[0m                             &amp#27;[90m# com.expedia.stepdefs.Homepagestepdefs.user_launches_the_expedia_url()&amp#27;[0m
Expedia Travel: Vacation Homes, Hotels, Car Rentals, Flights & More
  &amp#27;[31mWhen &amp#27;[0m&amp#27;[31mvalidating Tthe Title of Expedia&amp#27;[0m                           &amp#27;[90m# com.expedia.stepdefs.Homepagestepdefs.validating_tthe_title_of_expedia()&amp#27;[0m
      &amp#27;[31mjava.lang.AssertionError: expected [Title is not matching] but found [true]
	at org.testng.Assert.fail(Assert.java:99)
	at org.testng.Assert.failNotEquals(Assert.java:1037)
	at org.testng.Assert.assertEqualsImpl(Assert.java:140)
	at org.testng.Assert.assertEquals(Assert.java:122)
	at org.testng.Assert.assertEquals(Assert.java:617)
	at com.expedia.stepdefs.Homepagestepdefs.validating_tthe_title_of_expedia(Homepagestepdefs.java:39)
	at âœ½.validating Tthe Title of Expedia(file:///C:/Users/bagan/eclipse-workspaceforamazon/SeleniumOnExpedia/src/test/java/com/expedia/fetures/expediaHomepage.feature:5)
&amp#27;[0m
  &amp#27;[36mAnd &amp#27;[0m&amp#27;[36mgetting the Required fields to available get Flight details&amp#27;[0m &amp#27;[90m# com.expedia.stepdefs.Homepagestepdefs.getting_the_required_fields_to_available_get_flight_details()&amp#27;[0m
  &amp#27;[36mThen &amp#27;[0m&amp#27;[36mGoto to Download the Expedia app Field&amp#27;[0m                     &amp#27;[90m# com.expedia.stepdefs.Homepagestepdefs.goto_to_download_the_expedia_app_field()&amp#27;[0m
  &amp#27;[36mAnd &amp#27;[0m&amp#27;[36muser enters the Phone number to get Mobile App&amp#27;[0m              &amp#27;[90m# com.expedia.stepdefs.Homepagestepdefs.user_enters_the_phone_number_to_get_mobile_app()&amp#27;[0m
this block is executed after every scenario

    my test is completed


    Embedding screenshot [image/png 678292 bytes]

]]></system-out>
    <system-err><![CDATA[Starting ChromeDriver 89.0.4389.23 (61b08ee2c50024bab004e48d2b1b083cdbdac579-refs/branch-heads/4389@{#294}) on port 18849
Only local connections are allowed.
Please see https://chromedriver.chromium.org/security-considerations for suggestions on keeping ChromeDriver safe.
ChromeDriver was started successfully.
Mar 20, 2021 4:31:49 PM org.openqa.selenium.remote.ProtocolHandshake createSession
INFO: Detected dialect: W3C
]]></system-err>
  </testcase>
</testsuite>