<?xml version="1.0" encoding="UTF-8"?>
<!-- Generated by org.testng.reporters.JUnitReportReporter -->
<testsuite hostname="LAPTOP-QLF7DR7D" failures="1" tests="1" name="com.expedia.utilities.TestRunner" time="11.650" errors="0" timestamp="2021-03-20T16:31:59 GMT-07:00" skipped="0">
  <testcase classname="com.expedia.utilities.TestRunner" name="runScenario" time="11.650">
    <failure message="expected [Title is not matching] but found [true]" type="java.lang.AssertionError">
      <![CDATA[java.lang.AssertionError: expected [Title is not matching] but found [true]
at org.testng.Assert.fail(Assert.java:99)
at org.testng.Assert.failNotEquals(Assert.java:1037)
at org.testng.Assert.assertEqualsImpl(Assert.java:140)
at org.testng.Assert.assertEquals(Assert.java:122)
at org.testng.Assert.assertEquals(Assert.java:617)
at com.expedia.stepdefs.Homepagestepdefs.validating_tthe_title_of_expedia(Homepagestepdefs.java:39)
at ✽.validating Tthe Title of Expedia(file:///C:/Users/bagan/eclipse-workspaceforamazon/SeleniumOnExpedia/src/test/java/com/expedia/fetures/expediaHomepage.feature:5)
]]>
    </failure>
  </testcase> <!-- runScenario -->
  <system-out/>
</testsuite> <!-- com.expedia.utilities.TestRunner -->
